CRITICAL - 2023-03-23 07:46:45 --> Object of class CodeIgniter\Database\MySQLi\Result could not be converted to string
in APPPATH\Views\tarif.php on line 2.
 1 SYSTEMPATH\View\View.php(213): include()
 2 SYSTEMPATH\View\View.php(216): CodeIgniter\View\View->CodeIgniter\View\{closure}()
 3 SYSTEMPATH\Common.php(1184): CodeIgniter\View\View->render('tarif', [], true)
 4 APPPATH\Controllers\TarifController.php(14): view('tarif', [...])
 5 SYSTEMPATH\CodeIgniter.php(934): App\Controllers\TarifController->index()
 6 SYSTEMPATH\CodeIgniter.php(499): CodeIgniter\CodeIgniter->runController(Object(App\Controllers\TarifController))
 7 SYSTEMPATH\CodeIgniter.php(368): CodeIgniter\CodeIgniter->handleRequest(null, Object(Config\Cache), false)
 8 FCPATH\index.php(67): CodeIgniter\CodeIgniter->run()
 9 SYSTEMPATH\Commands\Server\rewrite.php(47): require_once('FCPATH\\index.php')
CRITICAL - 2023-03-23 07:47:47 --> Cannot use object of type CodeIgniter\Database\MySQLi\Result as array
in APPPATH\Views\tarif.php on line 2.
 1 SYSTEMPATH\View\View.php(213): include()
 2 SYSTEMPATH\View\View.php(216): CodeIgniter\View\View->CodeIgniter\View\{closure}()
 3 SYSTEMPATH\Common.php(1184): CodeIgniter\View\View->render('tarif', [], true)
 4 APPPATH\Controllers\TarifController.php(14): view('tarif', [...])
 5 SYSTEMPATH\CodeIgniter.php(934): App\Controllers\TarifController->index()
 6 SYSTEMPATH\CodeIgniter.php(499): CodeIgniter\CodeIgniter->runController(Object(App\Controllers\TarifController))
 7 SYSTEMPATH\CodeIgniter.php(368): CodeIgniter\CodeIgniter->handleRequest(null, Object(Config\Cache), false)
 8 FCPATH\index.php(67): CodeIgniter\CodeIgniter->run()
 9 SYSTEMPATH\Commands\Server\rewrite.php(47): require_once('FCPATH\\index.php')
CRITICAL - 2023-03-23 07:47:50 --> Cannot use object of type CodeIgniter\Database\MySQLi\Result as array
in APPPATH\Views\tarif.php on line 2.
 1 SYSTEMPATH\View\View.php(213): include()
 2 SYSTEMPATH\View\View.php(216): CodeIgniter\View\View->CodeIgniter\View\{closure}()
 3 SYSTEMPATH\Common.php(1184): CodeIgniter\View\View->render('tarif', [], true)
 4 APPPATH\Controllers\TarifController.php(14): view('tarif', [...])
 5 SYSTEMPATH\CodeIgniter.php(934): App\Controllers\TarifController->index()
 6 SYSTEMPATH\CodeIgniter.php(499): CodeIgniter\CodeIgniter->runController(Object(App\Controllers\TarifController))
 7 SYSTEMPATH\CodeIgniter.php(368): CodeIgniter\CodeIgniter->handleRequest(null, Object(Config\Cache), false)
 8 FCPATH\index.php(67): CodeIgniter\CodeIgniter->run()
 9 SYSTEMPATH\Commands\Server\rewrite.php(47): require_once('FCPATH\\index.php')
CRITICAL - 2023-03-23 07:49:46 --> Undefined array key "id_tarif"
in APPPATH\Views\tarif.php on line 3.
 1 APPPATH\Views\tarif.php(3): CodeIgniter\Debug\Exceptions->errorHandler(2, 'Undefined array key "id_tarif"', 'APPPATH\\Views\\tarif.php', 3)
 2 SYSTEMPATH\View\View.php(213): include('APPPATH\\Views\\tarif.php')
 3 SYSTEMPATH\View\View.php(216): CodeIgniter\View\View->CodeIgniter\View\{closure}()
 4 SYSTEMPATH\Common.php(1184): CodeIgniter\View\View->render('tarif', [], true)
 5 APPPATH\Controllers\TarifController.php(14): view('tarif', [...])
 6 SYSTEMPATH\CodeIgniter.php(934): App\Controllers\TarifController->index()
 7 SYSTEMPATH\CodeIgniter.php(499): CodeIgniter\CodeIgniter->runController(Object(App\Controllers\TarifController))
 8 SYSTEMPATH\CodeIgniter.php(368): CodeIgniter\CodeIgniter->handleRequest(null, Object(Config\Cache), false)
 9 FCPATH\index.php(67): CodeIgniter\CodeIgniter->run()
10 SYSTEMPATH\Commands\Server\rewrite.php(47): require_once('FCPATH\\index.php')
CRITICAL - 2023-03-23 07:51:50 --> Undefined array key "id_tarif"
in APPPATH\Views\tarif.php on line 3.
 1 APPPATH\Views\tarif.php(3): CodeIgniter\Debug\Exceptions->errorHandler(2, 'Undefined array key "id_tarif"', 'APPPATH\\Views\\tarif.php', 3)
 2 SYSTEMPATH\View\View.php(213): include('APPPATH\\Views\\tarif.php')
 3 SYSTEMPATH\View\View.php(216): CodeIgniter\View\View->CodeIgniter\View\{closure}()
 4 SYSTEMPATH\Common.php(1184): CodeIgniter\View\View->render('tarif', [], true)
 5 APPPATH\Controllers\TarifController.php(14): view('tarif', [...])
 6 SYSTEMPATH\CodeIgniter.php(934): App\Controllers\TarifController->index()
 7 SYSTEMPATH\CodeIgniter.php(499): CodeIgniter\CodeIgniter->runController(Object(App\Controllers\TarifController))
 8 SYSTEMPATH\CodeIgniter.php(368): CodeIgniter\CodeIgniter->handleRequest(null, Object(Config\Cache), false)
 9 FCPATH\index.php(67): CodeIgniter\CodeIgniter->run()
10 SYSTEMPATH\Commands\Server\rewrite.php(47): require_once('FCPATH\\index.php')
CRITICAL - 2023-03-23 07:54:18 --> Undefined array key "id_tarif"
in APPPATH\Controllers\TarifController.php on line 16.
 1 APPPATH\Controllers\TarifController.php(16): CodeIgniter\Debug\Exceptions->errorHandler(2, 'Undefined array key "id_tarif"', 'APPPATH\\Controllers\\TarifController.php', 16)
 2 SYSTEMPATH\CodeIgniter.php(934): App\Controllers\TarifController->index()
 3 SYSTEMPATH\CodeIgniter.php(499): CodeIgniter\CodeIgniter->runController(Object(App\Controllers\TarifController))
 4 SYSTEMPATH\CodeIgniter.php(368): CodeIgniter\CodeIgniter->handleRequest(null, Object(Config\Cache), false)
 5 FCPATH\index.php(67): CodeIgniter\CodeIgniter->run()
 6 SYSTEMPATH\Commands\Server\rewrite.php(47): require_once('FCPATH\\index.php')
CRITICAL - 2023-03-23 07:54:44 --> Undefined array key "id_sewa"
in APPPATH\Controllers\TarifController.php on line 17.
 1 APPPATH\Controllers\TarifController.php(17): CodeIgniter\Debug\Exceptions->errorHandler(2, 'Undefined array key "id_sewa"', 'APPPATH\\Controllers\\TarifController.php', 17)
 2 SYSTEMPATH\CodeIgniter.php(934): App\Controllers\TarifController->index()
 3 SYSTEMPATH\CodeIgniter.php(499): CodeIgniter\CodeIgniter->runController(Object(App\Controllers\TarifController))
 4 SYSTEMPATH\CodeIgniter.php(368): CodeIgniter\CodeIgniter->handleRequest(null, Object(Config\Cache), false)
 5 FCPATH\index.php(67): CodeIgniter\CodeIgniter->run()
 6 SYSTEMPATH\Commands\Server\rewrite.php(47): require_once('FCPATH\\index.php')
