CRITICAL - 2023-03-26 05:43:13 --> Call to undefined function validation_list_errors()
in APPPATH\Views\tarif.php on line 16.
 1 SYSTEMPATH\View\View.php(213): include()
 2 SYSTEMPATH\View\View.php(216): CodeIgniter\View\View->CodeIgniter\View\{closure}()
 3 SYSTEMPATH\Common.php(1184): CodeIgniter\View\View->render('tarif', [], true)
 4 APPPATH\Controllers\TarifController.php(14): view('tarif', [...])
 5 SYSTEMPATH\CodeIgniter.php(934): App\Controllers\TarifController->index()
 6 SYSTEMPATH\CodeIgniter.php(499): CodeIgniter\CodeIgniter->runController(Object(App\Controllers\TarifController))
 7 SYSTEMPATH\CodeIgniter.php(368): CodeIgniter\CodeIgniter->handleRequest(null, Object(Config\Cache), false)
 8 FCPATH\index.php(67): CodeIgniter\CodeIgniter->run()
 9 SYSTEMPATH\Commands\Server\rewrite.php(47): require_once('FCPATH\\index.php')
CRITICAL - 2023-03-26 06:13:36 --> Declaration of App\Models\TarifModel::insert() must be compatible with CodeIgniter\Model::insert($data = null, bool $returnID = true)
in APPPATH\Models\TarifModel.php on line 16.
 1 [internal function]: CodeIgniter\Debug\Exceptions->shutdownHandler()
CRITICAL - 2023-03-26 06:14:43 --> Declaration of App\Models\TarifModel::insert() must be compatible with CodeIgniter\Model::insert($data = null, bool $returnID = true)
in APPPATH\Models\TarifModel.php on line 16.
 1 [internal function]: CodeIgniter\Debug\Exceptions->shutdownHandler()
CRITICAL - 2023-03-26 06:25:00 --> Undefined variable $idSewa
in APPPATH\Controllers\TarifController.php on line 19.
 1 APPPATH\Controllers\TarifController.php(19): CodeIgniter\Debug\Exceptions->errorHandler(2, 'Undefined variable $idSewa', 'APPPATH\\Controllers\\TarifController.php', 19)
 2 SYSTEMPATH\CodeIgniter.php(934): App\Controllers\TarifController->insert()
 3 SYSTEMPATH\CodeIgniter.php(499): CodeIgniter\CodeIgniter->runController(Object(App\Controllers\TarifController))
 4 SYSTEMPATH\CodeIgniter.php(368): CodeIgniter\CodeIgniter->handleRequest(null, Object(Config\Cache), false)
 5 FCPATH\index.php(67): CodeIgniter\CodeIgniter->run()
 6 SYSTEMPATH\Commands\Server\rewrite.php(47): require_once('FCPATH\\index.php')
CRITICAL - 2023-03-26 09:36:44 --> Undefined variable $data
in APPPATH\Views\tarif.php on line 103.
 1 APPPATH\Views\tarif.php(103): CodeIgniter\Debug\Exceptions->errorHandler(2, 'Undefined variable $data', 'APPPATH\\Views\\tarif.php', 103)
 2 SYSTEMPATH\View\View.php(213): include('APPPATH\\Views\\tarif.php')
 3 SYSTEMPATH\View\View.php(216): CodeIgniter\View\View->CodeIgniter\View\{closure}()
 4 SYSTEMPATH\Common.php(1184): CodeIgniter\View\View->render('/tarif', [], true)
 5 APPPATH\Controllers\TarifController.php(33): view('/tarif')
 6 SYSTEMPATH\CodeIgniter.php(934): App\Controllers\TarifController->insert()
 7 SYSTEMPATH\CodeIgniter.php(499): CodeIgniter\CodeIgniter->runController(Object(App\Controllers\TarifController))
 8 SYSTEMPATH\CodeIgniter.php(368): CodeIgniter\CodeIgniter->handleRequest(null, Object(Config\Cache), false)
 9 FCPATH\index.php(67): CodeIgniter\CodeIgniter->run()
10 SYSTEMPATH\Commands\Server\rewrite.php(47): require_once('FCPATH\\index.php')
CRITICAL - 2023-03-26 10:40:14 --> Object of class App\Models\TarifModel could not be converted to string
in APPPATH\Controllers\TarifController.php on line 44.
 1 SYSTEMPATH\CodeIgniter.php(934): App\Controllers\TarifController->insert()
 2 SYSTEMPATH\CodeIgniter.php(499): CodeIgniter\CodeIgniter->runController(Object(App\Controllers\TarifController))
 3 SYSTEMPATH\CodeIgniter.php(368): CodeIgniter\CodeIgniter->handleRequest(null, Object(Config\Cache), false)
 4 FCPATH\index.php(67): CodeIgniter\CodeIgniter->run()
 5 SYSTEMPATH\Commands\Server\rewrite.php(47): require_once('FCPATH\\index.php')
CRITICAL - 2023-03-26 10:41:45 --> There is no data to insert.
in SYSTEMPATH\BaseModel.php on line 762.
 1 SYSTEMPATH\BaseModel.php(762): CodeIgniter\Database\Exceptions\DataException::forEmptyDataset('insert')
 2 SYSTEMPATH\Model.php(730): CodeIgniter\BaseModel->insert([], true)
 3 APPPATH\Controllers\TarifController.php(42): CodeIgniter\Model->insert([...])
 4 SYSTEMPATH\CodeIgniter.php(934): App\Controllers\TarifController->insert()
 5 SYSTEMPATH\CodeIgniter.php(499): CodeIgniter\CodeIgniter->runController(Object(App\Controllers\TarifController))
 6 SYSTEMPATH\CodeIgniter.php(368): CodeIgniter\CodeIgniter->handleRequest(null, Object(Config\Cache), false)
 7 FCPATH\index.php(67): CodeIgniter\CodeIgniter->run()
 8 SYSTEMPATH\Commands\Server\rewrite.php(47): require_once('FCPATH\\index.php')
CRITICAL - 2023-03-26 10:43:23 --> There is no data to insert.
in SYSTEMPATH\BaseModel.php on line 762.
 1 SYSTEMPATH\BaseModel.php(762): CodeIgniter\Database\Exceptions\DataException::forEmptyDataset('insert')
 2 SYSTEMPATH\Model.php(730): CodeIgniter\BaseModel->insert([], true)
 3 APPPATH\Controllers\TarifController.php(43): CodeIgniter\Model->insert([...], true)
 4 SYSTEMPATH\CodeIgniter.php(934): App\Controllers\TarifController->insert()
 5 SYSTEMPATH\CodeIgniter.php(499): CodeIgniter\CodeIgniter->runController(Object(App\Controllers\TarifController))
 6 SYSTEMPATH\CodeIgniter.php(368): CodeIgniter\CodeIgniter->handleRequest(null, Object(Config\Cache), false)
 7 FCPATH\index.php(67): CodeIgniter\CodeIgniter->run()
 8 SYSTEMPATH\Commands\Server\rewrite.php(47): require_once('FCPATH\\index.php')
CRITICAL - 2023-03-26 10:50:59 --> There is no data to insert.
in SYSTEMPATH\BaseModel.php on line 762.
 1 SYSTEMPATH\BaseModel.php(762): CodeIgniter\Database\Exceptions\DataException::forEmptyDataset('insert')
 2 SYSTEMPATH\Model.php(730): CodeIgniter\BaseModel->insert([], true)
 3 APPPATH\Controllers\TarifController.php(44): CodeIgniter\Model->insert([...])
 4 SYSTEMPATH\CodeIgniter.php(934): App\Controllers\TarifController->insert()
 5 SYSTEMPATH\CodeIgniter.php(499): CodeIgniter\CodeIgniter->runController(Object(App\Controllers\TarifController))
 6 SYSTEMPATH\CodeIgniter.php(368): CodeIgniter\CodeIgniter->handleRequest(null, Object(Config\Cache), false)
 7 FCPATH\index.php(67): CodeIgniter\CodeIgniter->run()
 8 SYSTEMPATH\Commands\Server\rewrite.php(47): require_once('FCPATH\\index.php')
CRITICAL - 2023-03-26 10:51:58 --> There is no data to insert.
in SYSTEMPATH\BaseModel.php on line 762.
 1 SYSTEMPATH\BaseModel.php(762): CodeIgniter\Database\Exceptions\DataException::forEmptyDataset('insert')
 2 SYSTEMPATH\Model.php(730): CodeIgniter\BaseModel->insert([], true)
 3 APPPATH\Controllers\TarifController.php(44): CodeIgniter\Model->insert([...])
 4 SYSTEMPATH\CodeIgniter.php(934): App\Controllers\TarifController->insert()
 5 SYSTEMPATH\CodeIgniter.php(499): CodeIgniter\CodeIgniter->runController(Object(App\Controllers\TarifController))
 6 SYSTEMPATH\CodeIgniter.php(368): CodeIgniter\CodeIgniter->handleRequest(null, Object(Config\Cache), false)
 7 FCPATH\index.php(67): CodeIgniter\CodeIgniter->run()
 8 SYSTEMPATH\Commands\Server\rewrite.php(47): require_once('FCPATH\\index.php')
CRITICAL - 2023-03-26 10:55:21 --> Object of class App\Models\TarifModel could not be converted to string
in APPPATH\Controllers\TarifController.php on line 44.
 1 SYSTEMPATH\CodeIgniter.php(934): App\Controllers\TarifController->insert()
 2 SYSTEMPATH\CodeIgniter.php(499): CodeIgniter\CodeIgniter->runController(Object(App\Controllers\TarifController))
 3 SYSTEMPATH\CodeIgniter.php(368): CodeIgniter\CodeIgniter->handleRequest(null, Object(Config\Cache), false)
 4 FCPATH\index.php(67): CodeIgniter\CodeIgniter->run()
 5 SYSTEMPATH\Commands\Server\rewrite.php(47): require_once('FCPATH\\index.php')
CRITICAL - 2023-03-26 11:00:52 --> Object of class App\Models\TarifModel could not be converted to string
in APPPATH\Controllers\TarifController.php on line 44.
 1 SYSTEMPATH\CodeIgniter.php(934): App\Controllers\TarifController->insert()
 2 SYSTEMPATH\CodeIgniter.php(499): CodeIgniter\CodeIgniter->runController(Object(App\Controllers\TarifController))
 3 SYSTEMPATH\CodeIgniter.php(368): CodeIgniter\CodeIgniter->handleRequest(null, Object(Config\Cache), false)
 4 FCPATH\index.php(67): CodeIgniter\CodeIgniter->run()
 5 SYSTEMPATH\Commands\Server\rewrite.php(47): require_once('FCPATH\\index.php')
ERROR - 2023-03-26 11:02:13 --> mysqli_sql_exception: Unknown column 'idSewa' in 'field list' in C:\xampp\htdocs\project\PSBF_Project_IF-4A_Group-4\vendor\codeigniter4\framework\system\Database\MySQLi\Connection.php:295
Stack trace:
#0 C:\xampp\htdocs\project\PSBF_Project_IF-4A_Group-4\vendor\codeigniter4\framework\system\Database\MySQLi\Connection.php(295): mysqli->query('INSERT INTO `ta...', 0)
#1 C:\xampp\htdocs\project\PSBF_Project_IF-4A_Group-4\vendor\codeigniter4\framework\system\Database\BaseConnection.php(691): CodeIgniter\Database\MySQLi\Connection->execute('INSERT INTO `ta...')
#2 C:\xampp\htdocs\project\PSBF_Project_IF-4A_Group-4\vendor\codeigniter4\framework\system\Database\BaseConnection.php(605): CodeIgniter\Database\BaseConnection->simpleQuery('INSERT INTO `ta...')
#3 C:\xampp\htdocs\project\PSBF_Project_IF-4A_Group-4\vendor\codeigniter4\framework\system\Database\BaseBuilder.php(2309): CodeIgniter\Database\BaseConnection->query('INSERT INTO `ta...', Array, false)
#4 C:\xampp\htdocs\project\PSBF_Project_IF-4A_Group-4\app\Models\TarifModel.php(20): CodeIgniter\Database\BaseBuilder->insert(Array)
#5 C:\xampp\htdocs\project\PSBF_Project_IF-4A_Group-4\app\Controllers\TarifController.php(44): App\Models\TarifModel->insertData(Array)
#6 C:\xampp\htdocs\project\PSBF_Project_IF-4A_Group-4\vendor\codeigniter4\framework\system\CodeIgniter.php(934): App\Controllers\TarifController->insert()
#7 C:\xampp\htdocs\project\PSBF_Project_IF-4A_Group-4\vendor\codeigniter4\framework\system\CodeIgniter.php(499): CodeIgniter\CodeIgniter->runController(Object(App\Controllers\TarifController))
#8 C:\xampp\htdocs\project\PSBF_Project_IF-4A_Group-4\vendor\codeigniter4\framework\system\CodeIgniter.php(368): CodeIgniter\CodeIgniter->handleRequest(NULL, Object(Config\Cache), false)
#9 C:\xampp\htdocs\project\PSBF_Project_IF-4A_Group-4\public\index.php(67): CodeIgniter\CodeIgniter->run()
#10 C:\xampp\htdocs\project\PSBF_Project_IF-4A_Group-4\vendor\codeigniter4\framework\system\Commands\Server\rewrite.php(47): require_once('C:\\xampp\\htdocs...')
#11 {main}
CRITICAL - 2023-03-26 11:02:13 --> Unknown column 'idSewa' in 'field list'
in SYSTEMPATH\Database\BaseConnection.php on line 645.
 1 SYSTEMPATH\Database\BaseBuilder.php(2309): CodeIgniter\Database\BaseConnection->query('INSERT INTO `tarif` (`idSewa`, `mulai`, `selesai`, `lama`, `total`) VALUES (:idSewa:, :mulai:, :selesai:, :lama:, :total:)', [...], false)
 2 APPPATH\Models\TarifModel.php(20): CodeIgniter\Database\BaseBuilder->insert([...])
 3 APPPATH\Controllers\TarifController.php(44): App\Models\TarifModel->insertData([...])
 4 SYSTEMPATH\CodeIgniter.php(934): App\Controllers\TarifController->insert()
 5 SYSTEMPATH\CodeIgniter.php(499): CodeIgniter\CodeIgniter->runController(Object(App\Controllers\TarifController))
 6 SYSTEMPATH\CodeIgniter.php(368): CodeIgniter\CodeIgniter->handleRequest(null, Object(Config\Cache), false)
 7 FCPATH\index.php(67): CodeIgniter\CodeIgniter->run()
 8 SYSTEMPATH\Commands\Server\rewrite.php(47): require_once('FCPATH\\index.php')
CRITICAL - 2023-03-26 21:21:25 --> Call to undefined function form_open()
in APPPATH\Views\ruangan.php on line 20.
 1 SYSTEMPATH\View\View.php(213): include()
 2 SYSTEMPATH\View\View.php(216): CodeIgniter\View\View->CodeIgniter\View\{closure}()
 3 SYSTEMPATH\Common.php(1184): CodeIgniter\View\View->render('ruangan', [], true)
 4 APPPATH\Controllers\RuanganController.php(15): view('ruangan', [...])
 5 SYSTEMPATH\CodeIgniter.php(934): App\Controllers\RuanganController->index()
 6 SYSTEMPATH\CodeIgniter.php(499): CodeIgniter\CodeIgniter->runController(Object(App\Controllers\RuanganController))
 7 SYSTEMPATH\CodeIgniter.php(368): CodeIgniter\CodeIgniter->handleRequest(null, Object(Config\Cache), false)
 8 FCPATH\index.php(67): CodeIgniter\CodeIgniter->run()
 9 SYSTEMPATH\Commands\Server\rewrite.php(47): require_once('FCPATH\\index.php')
CRITICAL - 2023-03-26 21:21:57 --> Call to undefined function form_open()
in APPPATH\Views\ruangan.php on line 20.
 1 SYSTEMPATH\View\View.php(213): include()
 2 SYSTEMPATH\View\View.php(216): CodeIgniter\View\View->CodeIgniter\View\{closure}()
 3 SYSTEMPATH\Common.php(1184): CodeIgniter\View\View->render('ruangan', [], true)
 4 APPPATH\Controllers\RuanganController.php(15): view('ruangan', [...])
 5 SYSTEMPATH\CodeIgniter.php(934): App\Controllers\RuanganController->index()
 6 SYSTEMPATH\CodeIgniter.php(499): CodeIgniter\CodeIgniter->runController(Object(App\Controllers\RuanganController))
 7 SYSTEMPATH\CodeIgniter.php(368): CodeIgniter\CodeIgniter->handleRequest(null, Object(Config\Cache), false)
 8 FCPATH\index.php(67): CodeIgniter\CodeIgniter->run()
 9 SYSTEMPATH\Commands\Server\rewrite.php(47): require_once('FCPATH\\index.php')
CRITICAL - 2023-03-26 21:23:27 --> Call to undefined function form_open()
in APPPATH\Views\ruangan.php on line 20.
 1 SYSTEMPATH\View\View.php(213): include()
 2 SYSTEMPATH\View\View.php(216): CodeIgniter\View\View->CodeIgniter\View\{closure}()
 3 SYSTEMPATH\Common.php(1184): CodeIgniter\View\View->render('ruangan', [], true)
 4 APPPATH\Controllers\RuanganController.php(15): view('ruangan', [...])
 5 SYSTEMPATH\CodeIgniter.php(934): App\Controllers\RuanganController->index()
 6 SYSTEMPATH\CodeIgniter.php(499): CodeIgniter\CodeIgniter->runController(Object(App\Controllers\RuanganController))
 7 SYSTEMPATH\CodeIgniter.php(368): CodeIgniter\CodeIgniter->handleRequest(null, Object(Config\Cache), false)
 8 FCPATH\index.php(67): CodeIgniter\CodeIgniter->run()
 9 SYSTEMPATH\Commands\Server\rewrite.php(47): require_once('FCPATH\\index.php')
CRITICAL - 2023-03-26 21:23:59 --> Call to undefined function form_open()
in APPPATH\Views\ruangan.php on line 20.
 1 SYSTEMPATH\View\View.php(213): include()
 2 SYSTEMPATH\View\View.php(216): CodeIgniter\View\View->CodeIgniter\View\{closure}()
 3 SYSTEMPATH\Common.php(1184): CodeIgniter\View\View->render('ruangan', [], true)
 4 APPPATH\Controllers\RuanganController.php(15): view('ruangan', [...])
 5 SYSTEMPATH\CodeIgniter.php(934): App\Controllers\RuanganController->index()
 6 SYSTEMPATH\CodeIgniter.php(499): CodeIgniter\CodeIgniter->runController(Object(App\Controllers\RuanganController))
 7 SYSTEMPATH\CodeIgniter.php(368): CodeIgniter\CodeIgniter->handleRequest(null, Object(Config\Cache), false)
 8 FCPATH\index.php(67): CodeIgniter\CodeIgniter->run()
 9 SYSTEMPATH\Commands\Server\rewrite.php(47): require_once('FCPATH\\index.php')
CRITICAL - 2023-03-26 21:24:26 --> Call to undefined function form_open()
in APPPATH\Views\ruangan.php on line 20.
 1 SYSTEMPATH\View\View.php(213): include()
 2 SYSTEMPATH\View\View.php(216): CodeIgniter\View\View->CodeIgniter\View\{closure}()
 3 SYSTEMPATH\Common.php(1184): CodeIgniter\View\View->render('ruangan', [], true)
 4 APPPATH\Controllers\RuanganController.php(15): view('ruangan', [...])
 5 SYSTEMPATH\CodeIgniter.php(934): App\Controllers\RuanganController->index()
 6 SYSTEMPATH\CodeIgniter.php(499): CodeIgniter\CodeIgniter->runController(Object(App\Controllers\RuanganController))
 7 SYSTEMPATH\CodeIgniter.php(368): CodeIgniter\CodeIgniter->handleRequest(null, Object(Config\Cache), false)
 8 FCPATH\index.php(67): CodeIgniter\CodeIgniter->run()
 9 SYSTEMPATH\Commands\Server\rewrite.php(47): require_once('FCPATH\\index.php')
CRITICAL - 2023-03-26 21:24:54 --> Call to undefined function form_open()
in APPPATH\Views\ruangan.php on line 20.
 1 SYSTEMPATH\View\View.php(213): include()
 2 SYSTEMPATH\View\View.php(216): CodeIgniter\View\View->CodeIgniter\View\{closure}()
 3 SYSTEMPATH\Common.php(1184): CodeIgniter\View\View->render('ruangan', [], true)
 4 APPPATH\Controllers\RuanganController.php(15): view('ruangan', [...])
 5 SYSTEMPATH\CodeIgniter.php(934): App\Controllers\RuanganController->index()
 6 SYSTEMPATH\CodeIgniter.php(499): CodeIgniter\CodeIgniter->runController(Object(App\Controllers\RuanganController))
 7 SYSTEMPATH\CodeIgniter.php(368): CodeIgniter\CodeIgniter->handleRequest(null, Object(Config\Cache), false)
 8 FCPATH\index.php(67): CodeIgniter\CodeIgniter->run()
 9 SYSTEMPATH\Commands\Server\rewrite.php(47): require_once('FCPATH\\index.php')
ERROR - 2023-03-26 21:26:34 --> mysqli_sql_exception: Unknown column 'ID_KET_RUANGAN' in 'field list' in C:\xampp\htdocs\project\PSBF_Project_IF-4A_Group-4\vendor\codeigniter4\framework\system\Database\MySQLi\Connection.php:295
Stack trace:
#0 C:\xampp\htdocs\project\PSBF_Project_IF-4A_Group-4\vendor\codeigniter4\framework\system\Database\MySQLi\Connection.php(295): mysqli->query('INSERT INTO `ta...', 0)
#1 C:\xampp\htdocs\project\PSBF_Project_IF-4A_Group-4\vendor\codeigniter4\framework\system\Database\BaseConnection.php(691): CodeIgniter\Database\MySQLi\Connection->execute('INSERT INTO `ta...')
#2 C:\xampp\htdocs\project\PSBF_Project_IF-4A_Group-4\vendor\codeigniter4\framework\system\Database\BaseConnection.php(605): CodeIgniter\Database\BaseConnection->simpleQuery('INSERT INTO `ta...')
#3 C:\xampp\htdocs\project\PSBF_Project_IF-4A_Group-4\vendor\codeigniter4\framework\system\Database\BaseBuilder.php(2309): CodeIgniter\Database\BaseConnection->query('INSERT INTO `ta...', Array, false)
#4 C:\xampp\htdocs\project\PSBF_Project_IF-4A_Group-4\app\Models\RuanganModels.php(18): CodeIgniter\Database\BaseBuilder->insert(Array)
#5 C:\xampp\htdocs\project\PSBF_Project_IF-4A_Group-4\app\Controllers\RuanganController.php(38): App\Models\RuanganModels->insertData(Array)
#6 C:\xampp\htdocs\project\PSBF_Project_IF-4A_Group-4\vendor\codeigniter4\framework\system\CodeIgniter.php(934): App\Controllers\RuanganController->insert()
#7 C:\xampp\htdocs\project\PSBF_Project_IF-4A_Group-4\vendor\codeigniter4\framework\system\CodeIgniter.php(499): CodeIgniter\CodeIgniter->runController(Object(App\Controllers\RuanganController))
#8 C:\xampp\htdocs\project\PSBF_Project_IF-4A_Group-4\vendor\codeigniter4\framework\system\CodeIgniter.php(368): CodeIgniter\CodeIgniter->handleRequest(NULL, Object(Config\Cache), false)
#9 C:\xampp\htdocs\project\PSBF_Project_IF-4A_Group-4\public\index.php(67): CodeIgniter\CodeIgniter->run()
#10 C:\xampp\htdocs\project\PSBF_Project_IF-4A_Group-4\vendor\codeigniter4\framework\system\Commands\Server\rewrite.php(47): require_once('C:\\xampp\\htdocs...')
#11 {main}
CRITICAL - 2023-03-26 21:26:34 --> Unknown column 'ID_KET_RUANGAN' in 'field list'
in SYSTEMPATH\Database\BaseConnection.php on line 645.
 1 SYSTEMPATH\Database\BaseBuilder.php(2309): CodeIgniter\Database\BaseConnection->query('INSERT INTO `tarif` (`ID_KET_RUANGAN`, `NAMA_RUANGAN`, `KAPASITAS_RUANGAN`, `STATUS_RUANGAN`) VALUES (:ID_KET_RUANGAN:, :NAMA_RUANGAN:, :KAPASITAS_RUANGAN:, :STATUS_RUANGAN:)', [...], false)
 2 APPPATH\Models\RuanganModels.php(18): CodeIgniter\Database\BaseBuilder->insert([...])
 3 APPPATH\Controllers\RuanganController.php(38): App\Models\RuanganModels->insertData([...])
 4 SYSTEMPATH\CodeIgniter.php(934): App\Controllers\RuanganController->insert()
 5 SYSTEMPATH\CodeIgniter.php(499): CodeIgniter\CodeIgniter->runController(Object(App\Controllers\RuanganController))
 6 SYSTEMPATH\CodeIgniter.php(368): CodeIgniter\CodeIgniter->handleRequest(null, Object(Config\Cache), false)
 7 FCPATH\index.php(67): CodeIgniter\CodeIgniter->run()
 8 SYSTEMPATH\Commands\Server\rewrite.php(47): require_once('FCPATH\\index.php')
ERROR - 2023-03-26 21:28:27 --> mysqli_sql_exception: Unknown column 'ID_KET_RUANGAN' in 'field list' in C:\xampp\htdocs\project\PSBF_Project_IF-4A_Group-4\vendor\codeigniter4\framework\system\Database\MySQLi\Connection.php:295
Stack trace:
#0 C:\xampp\htdocs\project\PSBF_Project_IF-4A_Group-4\vendor\codeigniter4\framework\system\Database\MySQLi\Connection.php(295): mysqli->query('INSERT INTO `ta...', 0)
#1 C:\xampp\htdocs\project\PSBF_Project_IF-4A_Group-4\vendor\codeigniter4\framework\system\Database\BaseConnection.php(691): CodeIgniter\Database\MySQLi\Connection->execute('INSERT INTO `ta...')
#2 C:\xampp\htdocs\project\PSBF_Project_IF-4A_Group-4\vendor\codeigniter4\framework\system\Database\BaseConnection.php(605): CodeIgniter\Database\BaseConnection->simpleQuery('INSERT INTO `ta...')
#3 C:\xampp\htdocs\project\PSBF_Project_IF-4A_Group-4\vendor\codeigniter4\framework\system\Database\BaseBuilder.php(2309): CodeIgniter\Database\BaseConnection->query('INSERT INTO `ta...', Array, false)
#4 C:\xampp\htdocs\project\PSBF_Project_IF-4A_Group-4\app\Models\RuanganModels.php(19): CodeIgniter\Database\BaseBuilder->insert(Array)
#5 C:\xampp\htdocs\project\PSBF_Project_IF-4A_Group-4\app\Controllers\RuanganController.php(38): App\Models\RuanganModels->insertData(Array)
#6 C:\xampp\htdocs\project\PSBF_Project_IF-4A_Group-4\vendor\codeigniter4\framework\system\CodeIgniter.php(934): App\Controllers\RuanganController->insert()
#7 C:\xampp\htdocs\project\PSBF_Project_IF-4A_Group-4\vendor\codeigniter4\framework\system\CodeIgniter.php(499): CodeIgniter\CodeIgniter->runController(Object(App\Controllers\RuanganController))
#8 C:\xampp\htdocs\project\PSBF_Project_IF-4A_Group-4\vendor\codeigniter4\framework\system\CodeIgniter.php(368): CodeIgniter\CodeIgniter->handleRequest(NULL, Object(Config\Cache), false)
#9 C:\xampp\htdocs\project\PSBF_Project_IF-4A_Group-4\public\index.php(67): CodeIgniter\CodeIgniter->run()
#10 C:\xampp\htdocs\project\PSBF_Project_IF-4A_Group-4\vendor\codeigniter4\framework\system\Commands\Server\rewrite.php(47): require_once('C:\\xampp\\htdocs...')
#11 {main}
CRITICAL - 2023-03-26 21:28:27 --> Unknown column 'ID_KET_RUANGAN' in 'field list'
in SYSTEMPATH\Database\BaseConnection.php on line 645.
 1 SYSTEMPATH\Database\BaseBuilder.php(2309): CodeIgniter\Database\BaseConnection->query('INSERT INTO `tarif` (`ID_KET_RUANGAN`, `NAMA_RUANGAN`, `KAPASITAS_RUANGAN`, `STATUS_RUANGAN`) VALUES (:ID_KET_RUANGAN:, :NAMA_RUANGAN:, :KAPASITAS_RUANGAN:, :STATUS_RUANGAN:)', [...], false)
 2 APPPATH\Models\RuanganModels.php(19): CodeIgniter\Database\BaseBuilder->insert([...])
 3 APPPATH\Controllers\RuanganController.php(38): App\Models\RuanganModels->insertData([...])
 4 SYSTEMPATH\CodeIgniter.php(934): App\Controllers\RuanganController->insert()
 5 SYSTEMPATH\CodeIgniter.php(499): CodeIgniter\CodeIgniter->runController(Object(App\Controllers\RuanganController))
 6 SYSTEMPATH\CodeIgniter.php(368): CodeIgniter\CodeIgniter->handleRequest(null, Object(Config\Cache), false)
 7 FCPATH\index.php(67): CodeIgniter\CodeIgniter->run()
 8 SYSTEMPATH\Commands\Server\rewrite.php(47): require_once('FCPATH\\index.php')
ERROR - 2023-03-26 21:31:40 --> mysqli_sql_exception: Unknown column 'ID_RUANGAN' in 'field list' in C:\xampp\htdocs\project\PSBF_Project_IF-4A_Group-4\vendor\codeigniter4\framework\system\Database\MySQLi\Connection.php:295
Stack trace:
#0 C:\xampp\htdocs\project\PSBF_Project_IF-4A_Group-4\vendor\codeigniter4\framework\system\Database\MySQLi\Connection.php(295): mysqli->query('INSERT INTO `ta...', 0)
#1 C:\xampp\htdocs\project\PSBF_Project_IF-4A_Group-4\vendor\codeigniter4\framework\system\Database\BaseConnection.php(691): CodeIgniter\Database\MySQLi\Connection->execute('INSERT INTO `ta...')
#2 C:\xampp\htdocs\project\PSBF_Project_IF-4A_Group-4\vendor\codeigniter4\framework\system\Database\BaseConnection.php(605): CodeIgniter\Database\BaseConnection->simpleQuery('INSERT INTO `ta...')
#3 C:\xampp\htdocs\project\PSBF_Project_IF-4A_Group-4\vendor\codeigniter4\framework\system\Database\BaseBuilder.php(2309): CodeIgniter\Database\BaseConnection->query('INSERT INTO `ta...', Array, false)
#4 C:\xampp\htdocs\project\PSBF_Project_IF-4A_Group-4\app\Models\RuanganModels.php(19): CodeIgniter\Database\BaseBuilder->insert(Array)
#5 C:\xampp\htdocs\project\PSBF_Project_IF-4A_Group-4\app\Controllers\RuanganController.php(40): App\Models\RuanganModels->insertData(Array)
#6 C:\xampp\htdocs\project\PSBF_Project_IF-4A_Group-4\vendor\codeigniter4\framework\system\CodeIgniter.php(934): App\Controllers\RuanganController->insert()
#7 C:\xampp\htdocs\project\PSBF_Project_IF-4A_Group-4\vendor\codeigniter4\framework\system\CodeIgniter.php(499): CodeIgniter\CodeIgniter->runController(Object(App\Controllers\RuanganController))
#8 C:\xampp\htdocs\project\PSBF_Project_IF-4A_Group-4\vendor\codeigniter4\framework\system\CodeIgniter.php(368): CodeIgniter\CodeIgniter->handleRequest(NULL, Object(Config\Cache), false)
#9 C:\xampp\htdocs\project\PSBF_Project_IF-4A_Group-4\public\index.php(67): CodeIgniter\CodeIgniter->run()
#10 C:\xampp\htdocs\project\PSBF_Project_IF-4A_Group-4\vendor\codeigniter4\framework\system\Commands\Server\rewrite.php(47): require_once('C:\\xampp\\htdocs...')
#11 {main}
CRITICAL - 2023-03-26 21:31:40 --> Unknown column 'ID_RUANGAN' in 'field list'
in SYSTEMPATH\Database\BaseConnection.php on line 645.
 1 SYSTEMPATH\Database\BaseBuilder.php(2309): CodeIgniter\Database\BaseConnection->query('INSERT INTO `tarif` (`ID_RUANGAN`, `ID_KET_RUANGAN`, `NAMA_RUANGAN`, `KAPASITAS_RUANGAN`, `STATUS_RUANGAN`) VALUES (:ID_RUANGAN:, :ID_KET_RUANGAN:, :NAMA_RUANGAN:, :KAPASITAS_RUANGAN:, :STATUS_RUANGAN:)', [...], false)
 2 APPPATH\Models\RuanganModels.php(19): CodeIgniter\Database\BaseBuilder->insert([...])
 3 APPPATH\Controllers\RuanganController.php(40): App\Models\RuanganModels->insertData([...])
 4 SYSTEMPATH\CodeIgniter.php(934): App\Controllers\RuanganController->insert()
 5 SYSTEMPATH\CodeIgniter.php(499): CodeIgniter\CodeIgniter->runController(Object(App\Controllers\RuanganController))
 6 SYSTEMPATH\CodeIgniter.php(368): CodeIgniter\CodeIgniter->handleRequest(null, Object(Config\Cache), false)
 7 FCPATH\index.php(67): CodeIgniter\CodeIgniter->run()
 8 SYSTEMPATH\Commands\Server\rewrite.php(47): require_once('FCPATH\\index.php')
ERROR - 2023-03-26 21:32:21 --> mysqli_sql_exception: Unknown column 'ID_RUANGAN' in 'field list' in C:\xampp\htdocs\project\PSBF_Project_IF-4A_Group-4\vendor\codeigniter4\framework\system\Database\MySQLi\Connection.php:295
Stack trace:
#0 C:\xampp\htdocs\project\PSBF_Project_IF-4A_Group-4\vendor\codeigniter4\framework\system\Database\MySQLi\Connection.php(295): mysqli->query('INSERT INTO `ta...', 0)
#1 C:\xampp\htdocs\project\PSBF_Project_IF-4A_Group-4\vendor\codeigniter4\framework\system\Database\BaseConnection.php(691): CodeIgniter\Database\MySQLi\Connection->execute('INSERT INTO `ta...')
#2 C:\xampp\htdocs\project\PSBF_Project_IF-4A_Group-4\vendor\codeigniter4\framework\system\Database\BaseConnection.php(605): CodeIgniter\Database\BaseConnection->simpleQuery('INSERT INTO `ta...')
#3 C:\xampp\htdocs\project\PSBF_Project_IF-4A_Group-4\vendor\codeigniter4\framework\system\Database\BaseBuilder.php(2309): CodeIgniter\Database\BaseConnection->query('INSERT INTO `ta...', Array, false)
#4 C:\xampp\htdocs\project\PSBF_Project_IF-4A_Group-4\app\Models\RuanganModels.php(19): CodeIgniter\Database\BaseBuilder->insert(Array)
#5 C:\xampp\htdocs\project\PSBF_Project_IF-4A_Group-4\app\Controllers\RuanganController.php(40): App\Models\RuanganModels->insertData(Array)
#6 C:\xampp\htdocs\project\PSBF_Project_IF-4A_Group-4\vendor\codeigniter4\framework\system\CodeIgniter.php(934): App\Controllers\RuanganController->insert()
#7 C:\xampp\htdocs\project\PSBF_Project_IF-4A_Group-4\vendor\codeigniter4\framework\system\CodeIgniter.php(499): CodeIgniter\CodeIgniter->runController(Object(App\Controllers\RuanganController))
#8 C:\xampp\htdocs\project\PSBF_Project_IF-4A_Group-4\vendor\codeigniter4\framework\system\CodeIgniter.php(368): CodeIgniter\CodeIgniter->handleRequest(NULL, Object(Config\Cache), false)
#9 C:\xampp\htdocs\project\PSBF_Project_IF-4A_Group-4\public\index.php(67): CodeIgniter\CodeIgniter->run()
#10 C:\xampp\htdocs\project\PSBF_Project_IF-4A_Group-4\vendor\codeigniter4\framework\system\Commands\Server\rewrite.php(47): require_once('C:\\xampp\\htdocs...')
#11 {main}
CRITICAL - 2023-03-26 21:32:21 --> Unknown column 'ID_RUANGAN' in 'field list'
in SYSTEMPATH\Database\BaseConnection.php on line 645.
 1 SYSTEMPATH\Database\BaseBuilder.php(2309): CodeIgniter\Database\BaseConnection->query('INSERT INTO `tarif` (`ID_RUANGAN`, `ID_KET_RUANGAN`, `NAMA_RUANGAN`, `KAPASITAS_RUANGAN`, `STATUS_RUANGAN`) VALUES (:ID_RUANGAN:, :ID_KET_RUANGAN:, :NAMA_RUANGAN:, :KAPASITAS_RUANGAN:, :STATUS_RUANGAN:)', [...], false)
 2 APPPATH\Models\RuanganModels.php(19): CodeIgniter\Database\BaseBuilder->insert([...])
 3 APPPATH\Controllers\RuanganController.php(40): App\Models\RuanganModels->insertData([...])
 4 SYSTEMPATH\CodeIgniter.php(934): App\Controllers\RuanganController->insert()
 5 SYSTEMPATH\CodeIgniter.php(499): CodeIgniter\CodeIgniter->runController(Object(App\Controllers\RuanganController))
 6 SYSTEMPATH\CodeIgniter.php(368): CodeIgniter\CodeIgniter->handleRequest(null, Object(Config\Cache), false)
 7 FCPATH\index.php(67): CodeIgniter\CodeIgniter->run()
 8 SYSTEMPATH\Commands\Server\rewrite.php(47): require_once('FCPATH\\index.php')
